2018-03-29 12:17:19,589 ERROR 40330 [-/127.0.0.1/-/5ms GET /] nodejs.Error: Please set config.keys first
    at Application.get keys [as keys] (/Users/yijun/git/wujiayi/node_modules/egg/lib/application.js:252:15)
    at Object.get cookies [as cookies] (/Users/yijun/git/wujiayi/node_modules/egg/app/extend/context.js:18:66)
    at Object.get [egg-security#CSRF_SECRET] (/Users/yijun/git/wujiayi/node_modules/egg-security/app/extend/context.js:78:33)
    at Object.ensureCsrfSecret (/Users/yijun/git/wujiayi/node_modules/egg-security/app/extend/context.js:89:13)
    at csrf (/Users/yijun/git/wujiayi/node_modules/egg-security/lib/middlewares/csrf.js:14:9)
    at dispatch (/Users/yijun/git/wujiayi/node_modules/koa-compose/index.js:42:32)
    at /Users/yijun/git/wujiayi/node_modules/koa-compose/index.js:34:12
    at dispatch (/Users/yijun/git/wujiayi/node_modules/koa-compose/index.js:42:32)
    at next (/Users/yijun/git/wujiayi/node_modules/koa-compose/index.js:43:18)
    at session (/Users/yijun/git/wujiayi/node_modules/koa-session/index.js:41:13)

pid: 40330
hostname: ali-186590dd08d3.local

2018-03-29 12:18:01,529 ERROR 40330 [-/127.0.0.1/-/1ms GET /] nodejs.Error: Please set config.keys first
    at Application.get keys [as keys] (/Users/yijun/git/wujiayi/node_modules/egg/lib/application.js:252:15)
    at Object.get cookies [as cookies] (/Users/yijun/git/wujiayi/node_modules/egg/app/extend/context.js:18:66)
    at Object.get [egg-security#CSRF_SECRET] (/Users/yijun/git/wujiayi/node_modules/egg-security/app/extend/context.js:78:33)
    at Object.ensureCsrfSecret (/Users/yijun/git/wujiayi/node_modules/egg-security/app/extend/context.js:89:13)
    at csrf (/Users/yijun/git/wujiayi/node_modules/egg-security/lib/middlewares/csrf.js:14:9)
    at dispatch (/Users/yijun/git/wujiayi/node_modules/koa-compose/index.js:42:32)
    at /Users/yijun/git/wujiayi/node_modules/koa-compose/index.js:34:12
    at dispatch (/Users/yijun/git/wujiayi/node_modules/koa-compose/index.js:42:32)
    at next (/Users/yijun/git/wujiayi/node_modules/koa-compose/index.js:43:18)
    at session (/Users/yijun/git/wujiayi/node_modules/koa-session/index.js:41:13)

pid: 40330
hostname: ali-186590dd08d3.local

2018-03-29 12:18:02,071 ERROR 40330 [-/127.0.0.1/-/1ms GET /] nodejs.Error: Please set config.keys first
    at Application.get keys [as keys] (/Users/yijun/git/wujiayi/node_modules/egg/lib/application.js:252:15)
    at Object.get cookies [as cookies] (/Users/yijun/git/wujiayi/node_modules/egg/app/extend/context.js:18:66)
    at Object.get [egg-security#CSRF_SECRET] (/Users/yijun/git/wujiayi/node_modules/egg-security/app/extend/context.js:78:33)
    at Object.ensureCsrfSecret (/Users/yijun/git/wujiayi/node_modules/egg-security/app/extend/context.js:89:13)
    at csrf (/Users/yijun/git/wujiayi/node_modules/egg-security/lib/middlewares/csrf.js:14:9)
    at dispatch (/Users/yijun/git/wujiayi/node_modules/koa-compose/index.js:42:32)
    at /Users/yijun/git/wujiayi/node_modules/koa-compose/index.js:34:12
    at dispatch (/Users/yijun/git/wujiayi/node_modules/koa-compose/index.js:42:32)
    at next (/Users/yijun/git/wujiayi/node_modules/koa-compose/index.js:43:18)
    at session (/Users/yijun/git/wujiayi/node_modules/koa-session/index.js:41:13)

pid: 40330
hostname: ali-186590dd08d3.local

2018-03-29 12:18:02,278 ERROR 40330 [-/127.0.0.1/-/0ms GET /] nodejs.Error: Please set config.keys first
    at Application.get keys [as keys] (/Users/yijun/git/wujiayi/node_modules/egg/lib/application.js:252:15)
    at Object.get cookies [as cookies] (/Users/yijun/git/wujiayi/node_modules/egg/app/extend/context.js:18:66)
    at Object.get [egg-security#CSRF_SECRET] (/Users/yijun/git/wujiayi/node_modules/egg-security/app/extend/context.js:78:33)
    at Object.ensureCsrfSecret (/Users/yijun/git/wujiayi/node_modules/egg-security/app/extend/context.js:89:13)
    at csrf (/Users/yijun/git/wujiayi/node_modules/egg-security/lib/middlewares/csrf.js:14:9)
    at dispatch (/Users/yijun/git/wujiayi/node_modules/koa-compose/index.js:42:32)
    at /Users/yijun/git/wujiayi/node_modules/koa-compose/index.js:34:12
    at dispatch (/Users/yijun/git/wujiayi/node_modules/koa-compose/index.js:42:32)
    at next (/Users/yijun/git/wujiayi/node_modules/koa-compose/index.js:43:18)
    at session (/Users/yijun/git/wujiayi/node_modules/koa-session/index.js:41:13)

pid: 40330
hostname: ali-186590dd08d3.local

2018-03-29 12:18:09,777 ERROR 40330 [-/127.0.0.1/-/0ms GET /] nodejs.Error: Please set config.keys first
    at Application.get keys [as keys] (/Users/yijun/git/wujiayi/node_modules/egg/lib/application.js:252:15)
    at Object.get cookies [as cookies] (/Users/yijun/git/wujiayi/node_modules/egg/app/extend/context.js:18:66)
    at Object.get [egg-security#CSRF_SECRET] (/Users/yijun/git/wujiayi/node_modules/egg-security/app/extend/context.js:78:33)
    at Object.ensureCsrfSecret (/Users/yijun/git/wujiayi/node_modules/egg-security/app/extend/context.js:89:13)
    at csrf (/Users/yijun/git/wujiayi/node_modules/egg-security/lib/middlewares/csrf.js:14:9)
    at dispatch (/Users/yijun/git/wujiayi/node_modules/koa-compose/index.js:42:32)
    at /Users/yijun/git/wujiayi/node_modules/koa-compose/index.js:34:12
    at dispatch (/Users/yijun/git/wujiayi/node_modules/koa-compose/index.js:42:32)
    at next (/Users/yijun/git/wujiayi/node_modules/koa-compose/index.js:43:18)
    at session (/Users/yijun/git/wujiayi/node_modules/koa-session/index.js:41:13)

pid: 40330
hostname: ali-186590dd08d3.local

2018-03-29 12:18:10,337 ERROR 40330 [-/127.0.0.1/-/0ms GET /] nodejs.Error: Please set config.keys first
    at Application.get keys [as keys] (/Users/yijun/git/wujiayi/node_modules/egg/lib/application.js:252:15)
    at Object.get cookies [as cookies] (/Users/yijun/git/wujiayi/node_modules/egg/app/extend/context.js:18:66)
    at Object.get [egg-security#CSRF_SECRET] (/Users/yijun/git/wujiayi/node_modules/egg-security/app/extend/context.js:78:33)
    at Object.ensureCsrfSecret (/Users/yijun/git/wujiayi/node_modules/egg-security/app/extend/context.js:89:13)
    at csrf (/Users/yijun/git/wujiayi/node_modules/egg-security/lib/middlewares/csrf.js:14:9)
    at dispatch (/Users/yijun/git/wujiayi/node_modules/koa-compose/index.js:42:32)
    at /Users/yijun/git/wujiayi/node_modules/koa-compose/index.js:34:12
    at dispatch (/Users/yijun/git/wujiayi/node_modules/koa-compose/index.js:42:32)
    at next (/Users/yijun/git/wujiayi/node_modules/koa-compose/index.js:43:18)
    at session (/Users/yijun/git/wujiayi/node_modules/koa-session/index.js:41:13)

pid: 40330
hostname: ali-186590dd08d3.local

2018-03-29 12:18:10,560 ERROR 40330 [-/127.0.0.1/-/0ms GET /] nodejs.Error: Please set config.keys first
    at Application.get keys [as keys] (/Users/yijun/git/wujiayi/node_modules/egg/lib/application.js:252:15)
    at Object.get cookies [as cookies] (/Users/yijun/git/wujiayi/node_modules/egg/app/extend/context.js:18:66)
    at Object.get [egg-security#CSRF_SECRET] (/Users/yijun/git/wujiayi/node_modules/egg-security/app/extend/context.js:78:33)
    at Object.ensureCsrfSecret (/Users/yijun/git/wujiayi/node_modules/egg-security/app/extend/context.js:89:13)
    at csrf (/Users/yijun/git/wujiayi/node_modules/egg-security/lib/middlewares/csrf.js:14:9)
    at dispatch (/Users/yijun/git/wujiayi/node_modules/koa-compose/index.js:42:32)
    at /Users/yijun/git/wujiayi/node_modules/koa-compose/index.js:34:12
    at dispatch (/Users/yijun/git/wujiayi/node_modules/koa-compose/index.js:42:32)
    at next (/Users/yijun/git/wujiayi/node_modules/koa-compose/index.js:43:18)
    at session (/Users/yijun/git/wujiayi/node_modules/koa-session/index.js:41:13)

pid: 40330
hostname: ali-186590dd08d3.local

2018-03-29 12:18:10,778 ERROR 40330 [-/127.0.0.1/-/0ms GET /] nodejs.Error: Please set config.keys first
    at Application.get keys [as keys] (/Users/yijun/git/wujiayi/node_modules/egg/lib/application.js:252:15)
    at Object.get cookies [as cookies] (/Users/yijun/git/wujiayi/node_modules/egg/app/extend/context.js:18:66)
    at Object.get [egg-security#CSRF_SECRET] (/Users/yijun/git/wujiayi/node_modules/egg-security/app/extend/context.js:78:33)
    at Object.ensureCsrfSecret (/Users/yijun/git/wujiayi/node_modules/egg-security/app/extend/context.js:89:13)
    at csrf (/Users/yijun/git/wujiayi/node_modules/egg-security/lib/middlewares/csrf.js:14:9)
    at dispatch (/Users/yijun/git/wujiayi/node_modules/koa-compose/index.js:42:32)
    at /Users/yijun/git/wujiayi/node_modules/koa-compose/index.js:34:12
    at dispatch (/Users/yijun/git/wujiayi/node_modules/koa-compose/index.js:42:32)
    at next (/Users/yijun/git/wujiayi/node_modules/koa-compose/index.js:43:18)
    at session (/Users/yijun/git/wujiayi/node_modules/koa-session/index.js:41:13)

pid: 40330
hostname: ali-186590dd08d3.local

2018-03-29 12:18:10,965 ERROR 40330 [-/127.0.0.1/-/0ms GET /] nodejs.Error: Please set config.keys first
    at Application.get keys [as keys] (/Users/yijun/git/wujiayi/node_modules/egg/lib/application.js:252:15)
    at Object.get cookies [as cookies] (/Users/yijun/git/wujiayi/node_modules/egg/app/extend/context.js:18:66)
    at Object.get [egg-security#CSRF_SECRET] (/Users/yijun/git/wujiayi/node_modules/egg-security/app/extend/context.js:78:33)
    at Object.ensureCsrfSecret (/Users/yijun/git/wujiayi/node_modules/egg-security/app/extend/context.js:89:13)
    at csrf (/Users/yijun/git/wujiayi/node_modules/egg-security/lib/middlewares/csrf.js:14:9)
    at dispatch (/Users/yijun/git/wujiayi/node_modules/koa-compose/index.js:42:32)
    at /Users/yijun/git/wujiayi/node_modules/koa-compose/index.js:34:12
    at dispatch (/Users/yijun/git/wujiayi/node_modules/koa-compose/index.js:42:32)
    at next (/Users/yijun/git/wujiayi/node_modules/koa-compose/index.js:43:18)
    at session (/Users/yijun/git/wujiayi/node_modules/koa-session/index.js:41:13)

pid: 40330
hostname: ali-186590dd08d3.local

2018-03-29 12:18:11,125 ERROR 40330 [-/127.0.0.1/-/0ms GET /] nodejs.Error: Please set config.keys first
    at Application.get keys [as keys] (/Users/yijun/git/wujiayi/node_modules/egg/lib/application.js:252:15)
    at Object.get cookies [as cookies] (/Users/yijun/git/wujiayi/node_modules/egg/app/extend/context.js:18:66)
    at Object.get [egg-security#CSRF_SECRET] (/Users/yijun/git/wujiayi/node_modules/egg-security/app/extend/context.js:78:33)
    at Object.ensureCsrfSecret (/Users/yijun/git/wujiayi/node_modules/egg-security/app/extend/context.js:89:13)
    at csrf (/Users/yijun/git/wujiayi/node_modules/egg-security/lib/middlewares/csrf.js:14:9)
    at dispatch (/Users/yijun/git/wujiayi/node_modules/koa-compose/index.js:42:32)
    at /Users/yijun/git/wujiayi/node_modules/koa-compose/index.js:34:12
    at dispatch (/Users/yijun/git/wujiayi/node_modules/koa-compose/index.js:42:32)
    at next (/Users/yijun/git/wujiayi/node_modules/koa-compose/index.js:43:18)
    at session (/Users/yijun/git/wujiayi/node_modules/koa-session/index.js:41:13)

pid: 40330
hostname: ali-186590dd08d3.local

2018-03-29 12:18:34,391 ERROR 40448 [-/127.0.0.1/-/5ms GET /] nodejs.Error: Please set config.keys first
    at Application.get keys [as keys] (/Users/yijun/git/wujiayi/node_modules/egg/lib/application.js:252:15)
    at Object.get cookies [as cookies] (/Users/yijun/git/wujiayi/node_modules/egg/app/extend/context.js:18:66)
    at Object.get [egg-security#CSRF_SECRET] (/Users/yijun/git/wujiayi/node_modules/egg-security/app/extend/context.js:78:33)
    at Object.ensureCsrfSecret (/Users/yijun/git/wujiayi/node_modules/egg-security/app/extend/context.js:89:13)
    at csrf (/Users/yijun/git/wujiayi/node_modules/egg-security/lib/middlewares/csrf.js:14:9)
    at dispatch (/Users/yijun/git/wujiayi/node_modules/koa-compose/index.js:42:32)
    at /Users/yijun/git/wujiayi/node_modules/koa-compose/index.js:34:12
    at dispatch (/Users/yijun/git/wujiayi/node_modules/koa-compose/index.js:42:32)
    at next (/Users/yijun/git/wujiayi/node_modules/koa-compose/index.js:43:18)
    at session (/Users/yijun/git/wujiayi/node_modules/koa-session/index.js:41:13)

pid: 40448
hostname: ali-186590dd08d3.local

2018-03-29 12:18:34,953 ERROR 40448 [-/127.0.0.1/-/1ms GET /] nodejs.Error: Please set config.keys first
    at Application.get keys [as keys] (/Users/yijun/git/wujiayi/node_modules/egg/lib/application.js:252:15)
    at Object.get cookies [as cookies] (/Users/yijun/git/wujiayi/node_modules/egg/app/extend/context.js:18:66)
    at Object.get [egg-security#CSRF_SECRET] (/Users/yijun/git/wujiayi/node_modules/egg-security/app/extend/context.js:78:33)
    at Object.ensureCsrfSecret (/Users/yijun/git/wujiayi/node_modules/egg-security/app/extend/context.js:89:13)
    at csrf (/Users/yijun/git/wujiayi/node_modules/egg-security/lib/middlewares/csrf.js:14:9)
    at dispatch (/Users/yijun/git/wujiayi/node_modules/koa-compose/index.js:42:32)
    at /Users/yijun/git/wujiayi/node_modules/koa-compose/index.js:34:12
    at dispatch (/Users/yijun/git/wujiayi/node_modules/koa-compose/index.js:42:32)
    at next (/Users/yijun/git/wujiayi/node_modules/koa-compose/index.js:43:18)
    at session (/Users/yijun/git/wujiayi/node_modules/koa-session/index.js:41:13)

pid: 40448
hostname: ali-186590dd08d3.local

2018-03-29 12:18:35,361 ERROR 40448 [-/127.0.0.1/-/1ms GET /] nodejs.Error: Please set config.keys first
    at Application.get keys [as keys] (/Users/yijun/git/wujiayi/node_modules/egg/lib/application.js:252:15)
    at Object.get cookies [as cookies] (/Users/yijun/git/wujiayi/node_modules/egg/app/extend/context.js:18:66)
    at Object.get [egg-security#CSRF_SECRET] (/Users/yijun/git/wujiayi/node_modules/egg-security/app/extend/context.js:78:33)
    at Object.ensureCsrfSecret (/Users/yijun/git/wujiayi/node_modules/egg-security/app/extend/context.js:89:13)
    at csrf (/Users/yijun/git/wujiayi/node_modules/egg-security/lib/middlewares/csrf.js:14:9)
    at dispatch (/Users/yijun/git/wujiayi/node_modules/koa-compose/index.js:42:32)
    at /Users/yijun/git/wujiayi/node_modules/koa-compose/index.js:34:12
    at dispatch (/Users/yijun/git/wujiayi/node_modules/koa-compose/index.js:42:32)
    at next (/Users/yijun/git/wujiayi/node_modules/koa-compose/index.js:43:18)
    at session (/Users/yijun/git/wujiayi/node_modules/koa-session/index.js:41:13)

pid: 40448
hostname: ali-186590dd08d3.local

2018-03-29 12:18:35,606 ERROR 40448 [-/127.0.0.1/-/0ms GET /] nodejs.Error: Please set config.keys first
    at Application.get keys [as keys] (/Users/yijun/git/wujiayi/node_modules/egg/lib/application.js:252:15)
    at Object.get cookies [as cookies] (/Users/yijun/git/wujiayi/node_modules/egg/app/extend/context.js:18:66)
    at Object.get [egg-security#CSRF_SECRET] (/Users/yijun/git/wujiayi/node_modules/egg-security/app/extend/context.js:78:33)
    at Object.ensureCsrfSecret (/Users/yijun/git/wujiayi/node_modules/egg-security/app/extend/context.js:89:13)
    at csrf (/Users/yijun/git/wujiayi/node_modules/egg-security/lib/middlewares/csrf.js:14:9)
    at dispatch (/Users/yijun/git/wujiayi/node_modules/koa-compose/index.js:42:32)
    at /Users/yijun/git/wujiayi/node_modules/koa-compose/index.js:34:12
    at dispatch (/Users/yijun/git/wujiayi/node_modules/koa-compose/index.js:42:32)
    at next (/Users/yijun/git/wujiayi/node_modules/koa-compose/index.js:43:18)
    at session (/Users/yijun/git/wujiayi/node_modules/koa-session/index.js:41:13)

pid: 40448
hostname: ali-186590dd08d3.local

2018-03-29 12:19:29,985 ERROR 40505 [-/127.0.0.1/-/6ms GET /] nodejs.ReferenceError: res is not defined
    at HomeController.index (/Users/yijun/git/wujiayi/app/controller/home.js:6:5)
    at index.next (<anonymous>)
    at onFulfilled (/Users/yijun/git/wujiayi/node_modules/co/index.js:65:19)
    at /Users/yijun/git/wujiayi/node_modules/co/index.js:54:5
    at new Promise (<anonymous>)
    at HomeController.co (/Users/yijun/git/wujiayi/node_modules/co/index.js:50:10)
    at HomeController.createPromise (/Users/yijun/git/wujiayi/node_modules/co/index.js:30:15)
    at Object.callFn (/Users/yijun/git/wujiayi/node_modules/egg-core/lib/utils/index.js:36:21)
    at Object.classControllerMiddleware (/Users/yijun/git/wujiayi/node_modules/egg-core/lib/loader/mixin/controller.js:84:20)
    at Object.callFn (/Users/yijun/git/wujiayi/node_modules/egg-core/lib/utils/index.js:36:21)

pid: 40505
hostname: ali-186590dd08d3.local

2018-03-29 12:19:30,863 ERROR 40505 [-/127.0.0.1/-/1ms GET /] nodejs.ReferenceError: res is not defined
    at HomeController.index (/Users/yijun/git/wujiayi/app/controller/home.js:6:5)
    at index.next (<anonymous>)
    at onFulfilled (/Users/yijun/git/wujiayi/node_modules/co/index.js:65:19)
    at /Users/yijun/git/wujiayi/node_modules/co/index.js:54:5
    at new Promise (<anonymous>)
    at HomeController.co (/Users/yijun/git/wujiayi/node_modules/co/index.js:50:10)
    at HomeController.createPromise (/Users/yijun/git/wujiayi/node_modules/co/index.js:30:15)
    at Object.callFn (/Users/yijun/git/wujiayi/node_modules/egg-core/lib/utils/index.js:36:21)
    at Object.classControllerMiddleware (/Users/yijun/git/wujiayi/node_modules/egg-core/lib/loader/mixin/controller.js:84:20)
    at Object.callFn (/Users/yijun/git/wujiayi/node_modules/egg-core/lib/utils/index.js:36:21)

pid: 40505
hostname: ali-186590dd08d3.local

2018-03-29 12:33:10,342 ERROR 41202 [-/127.0.0.1/-/6ms GET /] nodejs.TypeError: this.render is not a function
    at HomeController.index (/Users/yijun/git/wujiayi/app/controller/home.js:7:16)
    at index.next (<anonymous>)
    at onFulfilled (/Users/yijun/git/wujiayi/node_modules/co/index.js:65:19)
    at /Users/yijun/git/wujiayi/node_modules/co/index.js:54:5
    at new Promise (<anonymous>)
    at HomeController.co (/Users/yijun/git/wujiayi/node_modules/co/index.js:50:10)
    at HomeController.createPromise (/Users/yijun/git/wujiayi/node_modules/co/index.js:30:15)
    at Object.callFn (/Users/yijun/git/wujiayi/node_modules/egg-core/lib/utils/index.js:36:21)
    at Object.classControllerMiddleware (/Users/yijun/git/wujiayi/node_modules/egg-core/lib/loader/mixin/controller.js:84:20)
    at Object.callFn (/Users/yijun/git/wujiayi/node_modules/egg-core/lib/utils/index.js:36:21)

pid: 41202
hostname: ali-186590dd08d3.local

2018-03-29 12:33:11,989 ERROR 41202 [-/127.0.0.1/-/8ms GET /] nodejs.TypeError: this.render is not a function
    at HomeController.index (/Users/yijun/git/wujiayi/app/controller/home.js:7:16)
    at index.next (<anonymous>)
    at onFulfilled (/Users/yijun/git/wujiayi/node_modules/co/index.js:65:19)
    at /Users/yijun/git/wujiayi/node_modules/co/index.js:54:5
    at new Promise (<anonymous>)
    at HomeController.co (/Users/yijun/git/wujiayi/node_modules/co/index.js:50:10)
    at HomeController.createPromise (/Users/yijun/git/wujiayi/node_modules/co/index.js:30:15)
    at Object.callFn (/Users/yijun/git/wujiayi/node_modules/egg-core/lib/utils/index.js:36:21)
    at Object.classControllerMiddleware (/Users/yijun/git/wujiayi/node_modules/egg-core/lib/loader/mixin/controller.js:84:20)
    at Object.callFn (/Users/yijun/git/wujiayi/node_modules/egg-core/lib/utils/index.js:36:21)

pid: 41202
hostname: ali-186590dd08d3.local

2018-03-29 12:33:12,268 ERROR 41202 [-/127.0.0.1/-/0ms GET /] nodejs.TypeError: this.render is not a function
    at HomeController.index (/Users/yijun/git/wujiayi/app/controller/home.js:7:16)
    at index.next (<anonymous>)
    at onFulfilled (/Users/yijun/git/wujiayi/node_modules/co/index.js:65:19)
    at /Users/yijun/git/wujiayi/node_modules/co/index.js:54:5
    at new Promise (<anonymous>)
    at HomeController.co (/Users/yijun/git/wujiayi/node_modules/co/index.js:50:10)
    at HomeController.createPromise (/Users/yijun/git/wujiayi/node_modules/co/index.js:30:15)
    at Object.callFn (/Users/yijun/git/wujiayi/node_modules/egg-core/lib/utils/index.js:36:21)
    at Object.classControllerMiddleware (/Users/yijun/git/wujiayi/node_modules/egg-core/lib/loader/mixin/controller.js:84:20)
    at Object.callFn (/Users/yijun/git/wujiayi/node_modules/egg-core/lib/utils/index.js:36:21)

pid: 41202
hostname: ali-186590dd08d3.local

2018-03-29 12:33:12,558 ERROR 41202 [-/127.0.0.1/-/0ms GET /] nodejs.TypeError: this.render is not a function
    at HomeController.index (/Users/yijun/git/wujiayi/app/controller/home.js:7:16)
    at index.next (<anonymous>)
    at onFulfilled (/Users/yijun/git/wujiayi/node_modules/co/index.js:65:19)
    at /Users/yijun/git/wujiayi/node_modules/co/index.js:54:5
    at new Promise (<anonymous>)
    at HomeController.co (/Users/yijun/git/wujiayi/node_modules/co/index.js:50:10)
    at HomeController.createPromise (/Users/yijun/git/wujiayi/node_modules/co/index.js:30:15)
    at Object.callFn (/Users/yijun/git/wujiayi/node_modules/egg-core/lib/utils/index.js:36:21)
    at Object.classControllerMiddleware (/Users/yijun/git/wujiayi/node_modules/egg-core/lib/loader/mixin/controller.js:84:20)
    at Object.callFn (/Users/yijun/git/wujiayi/node_modules/egg-core/lib/utils/index.js:36:21)

pid: 41202
hostname: ali-186590dd08d3.local

