2018-03-29 12:17:16,132 INFO 40330 [egg:logger] init all loggers with options: {"dir":"/Users/yijun/git/wujiayi/logs/wujiayi","encoding":"utf8","env":"local","level":"INFO","consoleLevel":"INFO","disableConsoleAfterReady":false,"outputJSON":false,"buffer":true,"appLogName":"wujiayi-web.log","coreLogName":"egg-web.log","agentLogName":"egg-agent.log","errorLogName":"common-error.log","coreLogger":{"consoleLevel":"WARN"},"allowDebugAtProd":true,"type":"application"}
2018-03-29 12:17:16,185 INFO 40330 [egg-schedule]: register schedule /Users/yijun/git/wujiayi/node_modules/egg-logrotator/app/schedule/clean_log.js
2018-03-29 12:17:16,185 INFO 40330 [egg-schedule]: register schedule /Users/yijun/git/wujiayi/node_modules/egg-logrotator/app/schedule/rotate_by_file.js
2018-03-29 12:17:16,247 INFO 40330 [egg-static] starting static serve /public/ -> /Users/yijun/git/wujiayi/app/public
2018-03-29 12:17:16,249 INFO 40330 [egg-security] use csrf middleware
2018-03-29 12:17:16,251 INFO 40330 [egg-security] use methodnoallow middleware
2018-03-29 12:17:16,251 INFO 40330 [egg-security] use noopen middleware
2018-03-29 12:17:16,252 INFO 40330 [egg-security] use nosniff middleware
2018-03-29 12:17:16,253 INFO 40330 [egg-security] use xssProtection middleware
2018-03-29 12:17:16,253 INFO 40330 [egg-security] use xframe middleware
2018-03-29 12:17:16,254 INFO 40330 [egg-security] use dta middleware
2018-03-29 12:17:16,254 INFO 40330 [egg-security] compose 7 middlewares into one security middleware
2018-03-29 12:17:16,288 INFO 40330 [egg-watcher:app] watcher start success
2018-03-29 12:18:33,994 INFO 40448 [egg:logger] init all loggers with options: {"dir":"/Users/yijun/git/wujiayi/logs/wujiayi","encoding":"utf8","env":"local","level":"INFO","consoleLevel":"INFO","disableConsoleAfterReady":false,"outputJSON":false,"buffer":true,"appLogName":"wujiayi-web.log","coreLogName":"egg-web.log","agentLogName":"egg-agent.log","errorLogName":"common-error.log","coreLogger":{"consoleLevel":"WARN"},"allowDebugAtProd":true,"type":"application"}
2018-03-29 12:18:34,035 INFO 40448 [egg-schedule]: register schedule /Users/yijun/git/wujiayi/node_modules/egg-logrotator/app/schedule/clean_log.js
2018-03-29 12:18:34,035 INFO 40448 [egg-schedule]: register schedule /Users/yijun/git/wujiayi/node_modules/egg-logrotator/app/schedule/rotate_by_file.js
2018-03-29 12:18:34,091 INFO 40448 [egg-static] starting static serve /public/ -> /Users/yijun/git/wujiayi/app/public
2018-03-29 12:18:34,093 INFO 40448 [egg-security] use csrf middleware
2018-03-29 12:18:34,094 INFO 40448 [egg-security] use methodnoallow middleware
2018-03-29 12:18:34,095 INFO 40448 [egg-security] use noopen middleware
2018-03-29 12:18:34,095 INFO 40448 [egg-security] use nosniff middleware
2018-03-29 12:18:34,096 INFO 40448 [egg-security] use xssProtection middleware
2018-03-29 12:18:34,096 INFO 40448 [egg-security] use xframe middleware
2018-03-29 12:18:34,097 INFO 40448 [egg-security] use dta middleware
2018-03-29 12:18:34,097 INFO 40448 [egg-security] compose 7 middlewares into one security middleware
2018-03-29 12:18:34,124 INFO 40448 [egg-watcher:app] watcher start success
2018-03-29 12:18:59,260 INFO 40458 [egg:logger] init all loggers with options: {"dir":"/Users/yijun/git/wujiayi/logs/wujiayi","encoding":"utf8","env":"local","level":"INFO","consoleLevel":"INFO","disableConsoleAfterReady":false,"outputJSON":false,"buffer":true,"appLogName":"wujiayi-web.log","coreLogName":"egg-web.log","agentLogName":"egg-agent.log","errorLogName":"common-error.log","coreLogger":{"consoleLevel":"WARN"},"allowDebugAtProd":true,"type":"application"}
2018-03-29 12:18:59,314 INFO 40458 [egg-schedule]: register schedule /Users/yijun/git/wujiayi/node_modules/egg-logrotator/app/schedule/clean_log.js
2018-03-29 12:18:59,314 INFO 40458 [egg-schedule]: register schedule /Users/yijun/git/wujiayi/node_modules/egg-logrotator/app/schedule/rotate_by_file.js
2018-03-29 12:18:59,356 INFO 40458 [egg-static] starting static serve /public/ -> /Users/yijun/git/wujiayi/app/public
2018-03-29 12:18:59,359 INFO 40458 [egg-security] use csrf middleware
2018-03-29 12:18:59,359 INFO 40458 [egg-security] use methodnoallow middleware
2018-03-29 12:18:59,359 INFO 40458 [egg-security] use noopen middleware
2018-03-29 12:18:59,360 INFO 40458 [egg-security] use nosniff middleware
2018-03-29 12:18:59,360 INFO 40458 [egg-security] use xssProtection middleware
2018-03-29 12:18:59,360 INFO 40458 [egg-security] use xframe middleware
2018-03-29 12:18:59,361 INFO 40458 [egg-security] use dta middleware
2018-03-29 12:18:59,361 INFO 40458 [egg-security] compose 7 middlewares into one security middleware
2018-03-29 12:18:59,385 INFO 40458 [egg-watcher:app] watcher start success
2018-03-29 12:19:15,237 INFO 40473 [egg:logger] init all loggers with options: {"dir":"/Users/yijun/git/wujiayi/logs/wujiayi","encoding":"utf8","env":"local","level":"INFO","consoleLevel":"INFO","disableConsoleAfterReady":false,"outputJSON":false,"buffer":true,"appLogName":"wujiayi-web.log","coreLogName":"egg-web.log","agentLogName":"egg-agent.log","errorLogName":"common-error.log","coreLogger":{"consoleLevel":"WARN"},"allowDebugAtProd":true,"type":"application"}
2018-03-29 12:19:15,273 INFO 40473 [egg-schedule]: register schedule /Users/yijun/git/wujiayi/node_modules/egg-logrotator/app/schedule/clean_log.js
2018-03-29 12:19:15,273 INFO 40473 [egg-schedule]: register schedule /Users/yijun/git/wujiayi/node_modules/egg-logrotator/app/schedule/rotate_by_file.js
2018-03-29 12:19:15,311 INFO 40473 [egg-static] starting static serve /public/ -> /Users/yijun/git/wujiayi/app/public
2018-03-29 12:19:15,313 INFO 40473 [egg-security] use csrf middleware
2018-03-29 12:19:15,314 INFO 40473 [egg-security] use methodnoallow middleware
2018-03-29 12:19:15,315 INFO 40473 [egg-security] use noopen middleware
2018-03-29 12:19:15,315 INFO 40473 [egg-security] use nosniff middleware
2018-03-29 12:19:15,315 INFO 40473 [egg-security] use xssProtection middleware
2018-03-29 12:19:15,315 INFO 40473 [egg-security] use xframe middleware
2018-03-29 12:19:15,316 INFO 40473 [egg-security] use dta middleware
2018-03-29 12:19:15,316 INFO 40473 [egg-security] compose 7 middlewares into one security middleware
2018-03-29 12:19:15,340 INFO 40473 [egg-watcher:app] watcher start success
2018-03-29 12:19:28,628 INFO 40505 [egg:logger] init all loggers with options: {"dir":"/Users/yijun/git/wujiayi/logs/wujiayi","encoding":"utf8","env":"local","level":"INFO","consoleLevel":"INFO","disableConsoleAfterReady":false,"outputJSON":false,"buffer":true,"appLogName":"wujiayi-web.log","coreLogName":"egg-web.log","agentLogName":"egg-agent.log","errorLogName":"common-error.log","coreLogger":{"consoleLevel":"WARN"},"allowDebugAtProd":true,"type":"application"}
2018-03-29 12:19:28,670 INFO 40505 [egg-schedule]: register schedule /Users/yijun/git/wujiayi/node_modules/egg-logrotator/app/schedule/clean_log.js
2018-03-29 12:19:28,670 INFO 40505 [egg-schedule]: register schedule /Users/yijun/git/wujiayi/node_modules/egg-logrotator/app/schedule/rotate_by_file.js
2018-03-29 12:19:28,709 INFO 40505 [egg-static] starting static serve /public/ -> /Users/yijun/git/wujiayi/app/public
2018-03-29 12:19:28,711 INFO 40505 [egg-security] use csrf middleware
2018-03-29 12:19:28,712 INFO 40505 [egg-security] use methodnoallow middleware
2018-03-29 12:19:28,712 INFO 40505 [egg-security] use noopen middleware
2018-03-29 12:19:28,713 INFO 40505 [egg-security] use nosniff middleware
2018-03-29 12:19:28,713 INFO 40505 [egg-security] use xssProtection middleware
2018-03-29 12:19:28,714 INFO 40505 [egg-security] use xframe middleware
2018-03-29 12:19:28,714 INFO 40505 [egg-security] use dta middleware
2018-03-29 12:19:28,714 INFO 40505 [egg-security] compose 7 middlewares into one security middleware
2018-03-29 12:19:28,742 INFO 40505 [egg-watcher:app] watcher start success
2018-03-29 12:22:13,552 INFO 40593 [egg:logger] init all loggers with options: {"dir":"/Users/yijun/git/wujiayi/logs/wujiayi","encoding":"utf8","env":"local","level":"INFO","consoleLevel":"INFO","disableConsoleAfterReady":false,"outputJSON":false,"buffer":true,"appLogName":"wujiayi-web.log","coreLogName":"egg-web.log","agentLogName":"egg-agent.log","errorLogName":"common-error.log","coreLogger":{"consoleLevel":"WARN"},"allowDebugAtProd":true,"type":"application"}
2018-03-29 12:22:13,587 INFO 40593 [egg-schedule]: register schedule /Users/yijun/git/wujiayi/node_modules/egg-logrotator/app/schedule/clean_log.js
2018-03-29 12:22:13,587 INFO 40593 [egg-schedule]: register schedule /Users/yijun/git/wujiayi/node_modules/egg-logrotator/app/schedule/rotate_by_file.js
2018-03-29 12:22:13,624 INFO 40593 [egg-static] starting static serve /public/ -> /Users/yijun/git/wujiayi/app/public
2018-03-29 12:22:13,627 INFO 40593 [egg-security] use csrf middleware
2018-03-29 12:22:13,627 INFO 40593 [egg-security] use methodnoallow middleware
2018-03-29 12:22:13,628 INFO 40593 [egg-security] use noopen middleware
2018-03-29 12:22:13,629 INFO 40593 [egg-security] use nosniff middleware
2018-03-29 12:22:13,629 INFO 40593 [egg-security] use xssProtection middleware
2018-03-29 12:22:13,629 INFO 40593 [egg-security] use xframe middleware
2018-03-29 12:22:13,630 INFO 40593 [egg-security] use dta middleware
2018-03-29 12:22:13,630 INFO 40593 [egg-security] compose 7 middlewares into one security middleware
2018-03-29 12:22:13,659 INFO 40593 [egg-watcher:app] watcher start success
2018-03-29 12:22:18,785 INFO 40596 [egg:logger] init all loggers with options: {"dir":"/Users/yijun/git/wujiayi/logs/wujiayi","encoding":"utf8","env":"local","level":"INFO","consoleLevel":"INFO","disableConsoleAfterReady":false,"outputJSON":false,"buffer":true,"appLogName":"wujiayi-web.log","coreLogName":"egg-web.log","agentLogName":"egg-agent.log","errorLogName":"common-error.log","coreLogger":{"consoleLevel":"WARN"},"allowDebugAtProd":true,"type":"application"}
2018-03-29 12:22:18,823 INFO 40596 [egg-schedule]: register schedule /Users/yijun/git/wujiayi/node_modules/egg-logrotator/app/schedule/clean_log.js
2018-03-29 12:22:18,823 INFO 40596 [egg-schedule]: register schedule /Users/yijun/git/wujiayi/node_modules/egg-logrotator/app/schedule/rotate_by_file.js
2018-03-29 12:22:18,859 INFO 40596 [egg-static] starting static serve /public/ -> /Users/yijun/git/wujiayi/app/public
2018-03-29 12:22:18,862 INFO 40596 [egg-security] use csrf middleware
2018-03-29 12:22:18,863 INFO 40596 [egg-security] use methodnoallow middleware
2018-03-29 12:22:18,863 INFO 40596 [egg-security] use noopen middleware
2018-03-29 12:22:18,863 INFO 40596 [egg-security] use nosniff middleware
2018-03-29 12:22:18,864 INFO 40596 [egg-security] use xssProtection middleware
2018-03-29 12:22:18,864 INFO 40596 [egg-security] use xframe middleware
2018-03-29 12:22:18,864 INFO 40596 [egg-security] use dta middleware
2018-03-29 12:22:18,864 INFO 40596 [egg-security] compose 7 middlewares into one security middleware
2018-03-29 12:22:18,891 INFO 40596 [egg-watcher:app] watcher start success
2018-03-29 12:22:34,616 INFO 40626 [egg:logger] init all loggers with options: {"dir":"/Users/yijun/git/wujiayi/logs/wujiayi","encoding":"utf8","env":"local","level":"INFO","consoleLevel":"INFO","disableConsoleAfterReady":false,"outputJSON":false,"buffer":true,"appLogName":"wujiayi-web.log","coreLogName":"egg-web.log","agentLogName":"egg-agent.log","errorLogName":"common-error.log","coreLogger":{"consoleLevel":"WARN"},"allowDebugAtProd":true,"type":"application"}
2018-03-29 12:22:34,654 INFO 40626 [egg-schedule]: register schedule /Users/yijun/git/wujiayi/node_modules/egg-logrotator/app/schedule/clean_log.js
2018-03-29 12:22:34,654 INFO 40626 [egg-schedule]: register schedule /Users/yijun/git/wujiayi/node_modules/egg-logrotator/app/schedule/rotate_by_file.js
2018-03-29 12:22:34,690 INFO 40626 [egg-static] starting static serve /public/ -> /Users/yijun/git/wujiayi/app/public
2018-03-29 12:22:34,693 INFO 40626 [egg-security] use csrf middleware
2018-03-29 12:22:34,694 INFO 40626 [egg-security] use methodnoallow middleware
2018-03-29 12:22:34,695 INFO 40626 [egg-security] use noopen middleware
2018-03-29 12:22:34,695 INFO 40626 [egg-security] use nosniff middleware
2018-03-29 12:22:34,695 INFO 40626 [egg-security] use xssProtection middleware
2018-03-29 12:22:34,696 INFO 40626 [egg-security] use xframe middleware
2018-03-29 12:22:34,696 INFO 40626 [egg-security] use dta middleware
2018-03-29 12:22:34,696 INFO 40626 [egg-security] compose 7 middlewares into one security middleware
2018-03-29 12:22:34,723 INFO 40626 [egg-watcher:app] watcher start success
2018-03-29 12:22:36,902 INFO 40630 [egg:logger] init all loggers with options: {"dir":"/Users/yijun/git/wujiayi/logs/wujiayi","encoding":"utf8","env":"local","level":"INFO","consoleLevel":"INFO","disableConsoleAfterReady":false,"outputJSON":false,"buffer":true,"appLogName":"wujiayi-web.log","coreLogName":"egg-web.log","agentLogName":"egg-agent.log","errorLogName":"common-error.log","coreLogger":{"consoleLevel":"WARN"},"allowDebugAtProd":true,"type":"application"}
2018-03-29 12:22:36,941 INFO 40630 [egg-schedule]: register schedule /Users/yijun/git/wujiayi/node_modules/egg-logrotator/app/schedule/clean_log.js
2018-03-29 12:22:36,941 INFO 40630 [egg-schedule]: register schedule /Users/yijun/git/wujiayi/node_modules/egg-logrotator/app/schedule/rotate_by_file.js
2018-03-29 12:22:36,980 INFO 40630 [egg-static] starting static serve /public/ -> /Users/yijun/git/wujiayi/app/public
2018-03-29 12:22:36,982 INFO 40630 [egg-security] use csrf middleware
2018-03-29 12:22:36,983 INFO 40630 [egg-security] use methodnoallow middleware
2018-03-29 12:22:36,983 INFO 40630 [egg-security] use noopen middleware
2018-03-29 12:22:36,983 INFO 40630 [egg-security] use nosniff middleware
2018-03-29 12:22:36,984 INFO 40630 [egg-security] use xssProtection middleware
2018-03-29 12:22:36,984 INFO 40630 [egg-security] use xframe middleware
2018-03-29 12:22:36,984 INFO 40630 [egg-security] use dta middleware
2018-03-29 12:22:36,984 INFO 40630 [egg-security] compose 7 middlewares into one security middleware
2018-03-29 12:22:37,011 INFO 40630 [egg-watcher:app] watcher start success
2018-03-29 12:33:09,497 INFO 41202 [egg:logger] init all loggers with options: {"dir":"/Users/yijun/git/wujiayi/logs/wujiayi","encoding":"utf8","env":"local","level":"INFO","consoleLevel":"INFO","disableConsoleAfterReady":false,"outputJSON":false,"buffer":true,"appLogName":"wujiayi-web.log","coreLogName":"egg-web.log","agentLogName":"egg-agent.log","errorLogName":"common-error.log","coreLogger":{"consoleLevel":"WARN"},"allowDebugAtProd":true,"type":"application"}
2018-03-29 12:33:09,537 INFO 41202 [egg-schedule]: register schedule /Users/yijun/git/wujiayi/node_modules/egg-logrotator/app/schedule/clean_log.js
2018-03-29 12:33:09,537 INFO 41202 [egg-schedule]: register schedule /Users/yijun/git/wujiayi/node_modules/egg-logrotator/app/schedule/rotate_by_file.js
2018-03-29 12:33:09,590 INFO 41202 [egg-static] starting static serve /public/ -> /Users/yijun/git/wujiayi/app/public
2018-03-29 12:33:09,592 INFO 41202 [egg-security] use csrf middleware
2018-03-29 12:33:09,593 INFO 41202 [egg-security] use methodnoallow middleware
2018-03-29 12:33:09,594 INFO 41202 [egg-security] use noopen middleware
2018-03-29 12:33:09,594 INFO 41202 [egg-security] use nosniff middleware
2018-03-29 12:33:09,595 INFO 41202 [egg-security] use xssProtection middleware
2018-03-29 12:33:09,596 INFO 41202 [egg-security] use xframe middleware
2018-03-29 12:33:09,596 INFO 41202 [egg-security] use dta middleware
2018-03-29 12:33:09,596 INFO 41202 [egg-security] compose 7 middlewares into one security middleware
2018-03-29 12:33:09,626 INFO 41202 [egg-watcher:app] watcher start success
2018-03-29 12:33:34,893 INFO 41238 [egg:logger] init all loggers with options: {"dir":"/Users/yijun/git/wujiayi/logs/wujiayi","encoding":"utf8","env":"local","level":"INFO","consoleLevel":"INFO","disableConsoleAfterReady":false,"outputJSON":false,"buffer":true,"appLogName":"wujiayi-web.log","coreLogName":"egg-web.log","agentLogName":"egg-agent.log","errorLogName":"common-error.log","coreLogger":{"consoleLevel":"WARN"},"allowDebugAtProd":true,"type":"application"}
2018-03-29 12:33:34,941 INFO 41238 [egg-schedule]: register schedule /Users/yijun/git/wujiayi/node_modules/egg-logrotator/app/schedule/clean_log.js
2018-03-29 12:33:34,941 INFO 41238 [egg-schedule]: register schedule /Users/yijun/git/wujiayi/node_modules/egg-logrotator/app/schedule/rotate_by_file.js
2018-03-29 12:33:34,995 INFO 41238 [egg-static] starting static serve /public/ -> /Users/yijun/git/wujiayi/app/public
2018-03-29 12:33:34,999 INFO 41238 [egg-security] use csrf middleware
2018-03-29 12:33:35,000 INFO 41238 [egg-security] use methodnoallow middleware
2018-03-29 12:33:35,001 INFO 41238 [egg-security] use noopen middleware
2018-03-29 12:33:35,002 INFO 41238 [egg-security] use nosniff middleware
2018-03-29 12:33:35,002 INFO 41238 [egg-security] use xssProtection middleware
2018-03-29 12:33:35,003 INFO 41238 [egg-security] use xframe middleware
2018-03-29 12:33:35,004 INFO 41238 [egg-security] use dta middleware
2018-03-29 12:33:35,004 INFO 41238 [egg-security] compose 7 middlewares into one security middleware
2018-03-29 12:33:35,032 INFO 41238 [egg-watcher:app] watcher start success
